[debug] [2021-06-14T16:08:56.696Z] ----------------------------------------------------------------------
[debug] [2021-06-14T16:08:56.698Z] Command:       C:\Program Files\nodejs\node.exe C:\Users\Patricio C\AppData\Roaming\npm\node_modules\firebase-tools\lib\bin\firebase.js init hosting
[debug] [2021-06-14T16:08:56.698Z] CLI Version:   9.12.1
[debug] [2021-06-14T16:08:56.698Z] Platform:      win32
[debug] [2021-06-14T16:08:56.698Z] Node Version:  v15.10.0
[debug] [2021-06-14T16:08:56.699Z] Time:          Mon Jun 14 2021 13:08:56 GMT-0300 (Argentina Standard Time)
[debug] [2021-06-14T16:08:56.699Z] ----------------------------------------------------------------------
[debug] 
[debug] [2021-06-14T16:08:56.702Z] >>> [apiv2][query] GET https://firebase-public.firebaseio.com/cli.json [none]
[debug] [2021-06-14T16:08:56.724Z] > command requires scopes: ["email","openid","https://www.googleapis.com/auth/cloudplatformprojects.readonly","https://www.googleapis.com/auth/firebase","https://www.googleapis.com/auth/cloud-platform"]
[debug] [2021-06-14T16:08:56.724Z] > authorizing via signed-in user (pato.mdp@gmail.com)
[info] 
     ######## #### ########  ######## ########     ###     ######  ########
     ##        ##  ##     ## ##       ##     ##  ##   ##  ##       ##
     ######    ##  ########  ######   ########  #########  ######  ######
     ##        ##  ##    ##  ##       ##     ## ##     ##       ## ##
     ##       #### ##     ## ######## ########  ##     ##  ######  ########

You're about to initialize a Firebase project in this directory:

  C:\Users\Patricio C\Desktop\vue-calculator

Before we get started, keep in mind:

  * You are initializing in an existing Firebase project directory

[debug] [2021-06-14T16:08:57.331Z] <<< [apiv2][status] GET https://firebase-public.firebaseio.com/cli.json 200
[debug] [2021-06-14T16:08:57.332Z] <<< [apiv2][body] GET https://firebase-public.firebaseio.com/cli.json {"cloudBuildErrorAfter":1594252800000,"cloudBuildWarnAfter":1590019200000,"defaultNode10After":1594252800000,"minVersion":"3.0.5","node8DeploysDisabledAfter":1613390400000,"node8RuntimeDisabledAfter":1615809600000,"node8WarnAfter":1600128000000}
